<?xml version="1.0" encoding="UTF-8" standalone="no"?>
<testsuite errors="0" failures="2" name="io.cucumber.core.plugin.JUnitFormatter" skipped="0" tests="7" time="52.329">
<testcase classname="Password Functionality" name="US_008 TC_001 Old password can not be used again" time="11.043">
<system-out><![CDATA[Given user goes to "http://www.gmibank.com/login" loginpage.................passed
And user provides valid username............................................passed
And user provides valid password............................................passed
And user clicks sign in button..............................................passed
Given user clicks to account menu...........................................passed
And user clicks to password button to edit..................................passed
Then verifies there is old password passord bug.............................passed
]]></system-out>
</testcase>
<testcase classname="Password Functionality" name="US_008 TC_002 new password should have at least 1 &quot;lowercase&quot; to change line1 color of chart color" time="5.311">
<system-out><![CDATA[Given user goes to "http://www.gmibank.com/login" loginpage.................passed
And user provides valid username............................................passed
And user provides valid password............................................passed
And user clicks sign in button..............................................passed
Given user clicks to account menu...........................................passed
And user clicks to password button to edit..................................passed
Then enter new seven chars "111111a" and verifies that  should be at least one "lowercase" at new password and level chart changes accordingly.passed
]]></system-out>
</testcase>
<testcase classname="Password Functionality" name="US_008 TC_003 new password should have at least 1 &quot;uppercase&quot; to change line1 color of chart color" time="7.264">
<system-out><![CDATA[Given user goes to "http://www.gmibank.com/login" loginpage.................passed
And user provides valid username............................................passed
And user provides valid password............................................passed
And user clicks sign in button..............................................passed
Given user clicks to account menu...........................................passed
And user clicks to password button to edit..................................passed
Then enter new seven chars "111111A" and verifies that  should be at least one "uppercase" at new password and level chart changes accordingly.passed
]]></system-out>
</testcase>
<testcase classname="Password Functionality" name="US_008 TC_004 new password should have at least 1 &quot;special&quot; to change line1 color of chart color" time="4.229">
<system-out><![CDATA[Given user goes to "http://www.gmibank.com/login" loginpage.................passed
And user provides valid username............................................passed
And user provides valid password............................................passed
And user clicks sign in button..............................................passed
Given user clicks to account menu...........................................passed
And user clicks to password button to edit..................................passed
Then enter new seven chars "111111_" and verifies that  should be at least one "special" at new password and level chart changes accordingly.passed
]]></system-out>
</testcase>
<testcase classname="Password Functionality" name="US_008 TC_005 new password should have at least 1 &quot;digit&quot; to change line1 color of chart color" time="4.241">
<system-out><![CDATA[Given user goes to "http://www.gmibank.com/login" loginpage.................passed
And user provides valid username............................................passed
And user provides valid password............................................passed
And user clicks sign in button..............................................passed
Given user clicks to account menu...........................................passed
And user clicks to password button to edit..................................passed
Then enter new seven chars "aaaaaa1" and verifies that  should be at least one "digit" at new password and level chart changes accordingly.passed
]]></system-out>
</testcase>
<testcase classname="Password Functionality" name="US_008 TC_006 New password should have at least 4 chars" time="20.004">
<failure message="no such window: window was already closed&#10;  (Session info: chrome=87.0.4280.88)&#10;Build info: version: '3.141.59', revision: 'e82be7d358', time: '2018-11-14T08:17:03'&#10;System info: host: 'Semras-MacBook-Pro.local', ip: '2600:8805:d885:8200:802a:16ef:2e6f:54c4%en0', os.name: 'Mac OS X', os.arch: 'x86_64', os.version: '10.15.7', java.version: '1.8.0_261'&#10;Driver info: org.openqa.selenium.chrome.ChromeDriver&#10;Capabilities {acceptInsecureCerts: false, browserName: chrome, browserVersion: 87.0.4280.88, chrome: {chromedriverVersion: 87.0.4280.88 (89e2380a3e36c..., userDataDir: /var/folders/7l/rzpj2_kn60z...}, goog:chromeOptions: {debuggerAddress: localhost:59671}, javascriptEnabled: true, networkConnectionEnabled: false, pageLoadStrategy: normal, platform: MAC, platformName: MAC, proxy: Proxy(), setWindowRect: true, strictFileInteractability: false, timeouts: {implicit: 0, pageLoad: 300000, script: 30000}, unhandledPromptBehavior: dismiss and notify, webauthn:virtualAuthenticators: true}&#10;Session ID: 00b2d13841e16785740d6103a040ee39" type="org.openqa.selenium.NoSuchWindowException"><![CDATA[Given user goes to "http://www.gmibank.com/login" loginpage.................passed
And user provides valid username............................................passed
And user provides valid password............................................passed
And user clicks sign in button..............................................passed
Given user clicks to account menu...........................................passed
And user clicks to password button to edit..................................passed
Then verifies there is one bug that new password accepts at least four char.passed

StackTrace:
org.openqa.selenium.NoSuchWindowException: no such window: window was already closed
  (Session info: chrome=87.0.4280.88)
Build info: version: '3.141.59', revision: 'e82be7d358', time: '2018-11-14T08:17:03'
System info: host: 'Semras-MacBook-Pro.local', ip: '2600:8805:d885:8200:802a:16ef:2e6f:54c4%en0', os.name: 'Mac OS X', os.arch: 'x86_64', os.version: '10.15.7', java.version: '1.8.0_261'
Driver info: org.openqa.selenium.chrome.ChromeDriver
Capabilities {acceptInsecureCerts: false, browserName: chrome, browserVersion: 87.0.4280.88, chrome: {chromedriverVersion: 87.0.4280.88 (89e2380a3e36c..., userDataDir: /var/folders/7l/rzpj2_kn60z...}, goog:chromeOptions: {debuggerAddress: localhost:59671}, javascriptEnabled: true, networkConnectionEnabled: false, pageLoadStrategy: normal, platform: MAC, platformName: MAC, proxy: Proxy(), setWindowRect: true, strictFileInteractability: false, timeouts: {implicit: 0, pageLoad: 300000, script: 30000}, unhandledPromptBehavior: dismiss and notify, webauthn:virtualAuthenticators: true}
Session ID: 00b2d13841e16785740d6103a040ee39
	at sun.reflect.NativeConstructorAccessorImpl.newInstance0(Native Method)
	at sun.reflect.NativeConstructorAccessorImpl.newInstance(NativeConstructorAccessorImpl.java:62)
	at sun.reflect.DelegatingConstructorAccessorImpl.newInstance(DelegatingConstructorAccessorImpl.java:45)
	at java.lang.reflect.Constructor.newInstance(Constructor.java:423)
	at org.openqa.selenium.remote.http.W3CHttpResponseCodec.createException(W3CHttpResponseCodec.java:187)
	at org.openqa.selenium.remote.http.W3CHttpResponseCodec.decode(W3CHttpResponseCodec.java:122)
	at org.openqa.selenium.remote.http.W3CHttpResponseCodec.decode(W3CHttpResponseCodec.java:49)
	at org.openqa.selenium.remote.HttpCommandExecutor.execute(HttpCommandExecutor.java:158)
	at org.openqa.selenium.remote.service.DriverCommandExecutor.execute(DriverCommandExecutor.java:83)
	at org.openqa.selenium.remote.RemoteWebDriver.execute(RemoteWebDriver.java:552)
	at org.openqa.selenium.remote.RemoteWebDriver.execute(RemoteWebDriver.java:609)
	at org.openqa.selenium.remote.RemoteWebDriver$RemoteWebDriverOptions$RemoteWindow.maximize(RemoteWebDriver.java:837)
	at gmibank.utilities.Driver.getDriver(Driver.java:62)
	at gmibank.stepdefinitions.Hooks.tearDown(Hooks.java:25)
]]></failure>
</testcase>
<testcase classname="Password Functionality" name="US_008 TC_007 New password should be confirmed" time="0.031">
<failure message="Failed to instantiate class gmibank.stepdefinitions.US_08_StepDefinitions" type="io.cucumber.core.exception.CucumberException"><![CDATA[Given user goes to "http://www.gmibank.com/login" loginpage.................failed
And user provides valid username............................................skipped
And user provides valid password............................................skipped
And user clicks sign in button..............................................skipped
Given user clicks to account menu...........................................skipped
And user clicks to password button to edit..................................skipped
Then verifies that new valid password must be confirmed.....................skipped

StackTrace:
io.cucumber.core.exception.CucumberException: Failed to instantiate class gmibank.stepdefinitions.US_08_StepDefinitions
	at io.cucumber.core.runtime.ObjectFactoryServiceLoader$DefaultJavaObjectFactory.cacheNewInstance(ObjectFactoryServiceLoader.java:135)
	at io.cucumber.core.runtime.ObjectFactoryServiceLoader$DefaultJavaObjectFactory.getInstance(ObjectFactoryServiceLoader.java:121)
	at io.cucumber.java.JavaStepDefinition.execute(JavaStepDefinition.java:27)
	at io.cucumber.core.runner.PickleStepDefinitionMatch.runStep(PickleStepDefinitionMatch.java:63)
	at io.cucumber.core.runner.TestStep.executeStep(TestStep.java:64)
	at io.cucumber.core.runner.TestStep.run(TestStep.java:49)
	at io.cucumber.core.runner.PickleStepTestStep.run(PickleStepTestStep.java:46)
	at io.cucumber.core.runner.TestCase.run(TestCase.java:51)
	at io.cucumber.core.runner.Runner.runPickle(Runner.java:67)
	at io.cucumber.junit.PickleRunners$NoStepDescriptions.run(PickleRunners.java:149)
	at io.cucumber.junit.FeatureRunner.runChild(FeatureRunner.java:83)
	at io.cucumber.junit.FeatureRunner.runChild(FeatureRunner.java:24)
	at org.junit.runners.ParentRunner$4.run(ParentRunner.java:331)
	at org.junit.runners.ParentRunner$1.schedule(ParentRunner.java:79)
	at org.junit.runners.ParentRunner.runChildren(ParentRunner.java:329)
	at org.junit.runners.ParentRunner.access$100(ParentRunner.java:66)
	at org.junit.runners.ParentRunner$2.evaluate(ParentRunner.java:293)
	at org.junit.runners.ParentRunner$3.evaluate(ParentRunner.java:306)
	at org.junit.runners.ParentRunner.run(ParentRunner.java:413)
	at io.cucumber.junit.Cucumber.runChild(Cucumber.java:185)
	at io.cucumber.junit.Cucumber.runChild(Cucumber.java:83)
	at org.junit.runners.ParentRunner$4.run(ParentRunner.java:331)
	at org.junit.runners.ParentRunner$1.schedule(ParentRunner.java:79)
	at org.junit.runners.ParentRunner.runChildren(ParentRunner.java:329)
	at org.junit.runners.ParentRunner.access$100(ParentRunner.java:66)
	at org.junit.runners.ParentRunner$2.evaluate(ParentRunner.java:293)
	at io.cucumber.junit.Cucumber$RunCucumber.evaluate(Cucumber.java:219)
	at org.junit.runners.ParentRunner$3.evaluate(ParentRunner.java:306)
	at org.junit.runners.ParentRunner.run(ParentRunner.java:413)
	at org.junit.runner.JUnitCore.run(JUnitCore.java:137)
	at com.intellij.junit4.JUnit4IdeaTestRunner.startRunnerWithArgs(JUnit4IdeaTestRunner.java:69)
	at com.intellij.rt.junit.IdeaTestRunner$Repeater.startRunnerWithArgs(IdeaTestRunner.java:33)
	at com.intellij.rt.junit.JUnitStarter.prepareStreamsAndStart(JUnitStarter.java:220)
	at com.intellij.rt.junit.JUnitStarter.main(JUnitStarter.java:53)
Caused by: java.lang.reflect.InvocationTargetException
	at sun.reflect.NativeConstructorAccessorImpl.newInstance0(Native Method)
	at sun.reflect.NativeConstructorAccessorImpl.newInstance(NativeConstructorAccessorImpl.java:62)
	at sun.reflect.DelegatingConstructorAccessorImpl.newInstance(DelegatingConstructorAccessorImpl.java:45)
	at java.lang.reflect.Constructor.newInstance(Constructor.java:423)
	at io.cucumber.core.runtime.ObjectFactoryServiceLoader$DefaultJavaObjectFactory.cacheNewInstance(ObjectFactoryServiceLoader.java:129)
	... 33 more
Caused by: org.openqa.selenium.NoSuchWindowException: no such window: window was already closed
  (Session info: chrome=87.0.4280.88)
Build info: version: '3.141.59', revision: 'e82be7d358', time: '2018-11-14T08:17:03'
System info: host: 'Semras-MacBook-Pro.local', ip: '2600:8805:d885:8200:802a:16ef:2e6f:54c4%en0', os.name: 'Mac OS X', os.arch: 'x86_64', os.version: '10.15.7', java.version: '1.8.0_261'
Driver info: org.openqa.selenium.chrome.ChromeDriver
Capabilities {acceptInsecureCerts: false, browserName: chrome, browserVersion: 87.0.4280.88, chrome: {chromedriverVersion: 87.0.4280.88 (89e2380a3e36c..., userDataDir: /var/folders/7l/rzpj2_kn60z...}, goog:chromeOptions: {debuggerAddress: localhost:59671}, javascriptEnabled: true, networkConnectionEnabled: false, pageLoadStrategy: normal, platform: MAC, platformName: MAC, proxy: Proxy(), setWindowRect: true, strictFileInteractability: false, timeouts: {implicit: 0, pageLoad: 300000, script: 30000}, unhandledPromptBehavior: dismiss and notify, webauthn:virtualAuthenticators: true}
Session ID: 00b2d13841e16785740d6103a040ee39
	at sun.reflect.NativeConstructorAccessorImpl.newInstance0(Native Method)
	at sun.reflect.NativeConstructorAccessorImpl.newInstance(NativeConstructorAccessorImpl.java:62)
	at sun.reflect.DelegatingConstructorAccessorImpl.newInstance(DelegatingConstructorAccessorImpl.java:45)
	at java.lang.reflect.Constructor.newInstance(Constructor.java:423)
	at org.openqa.selenium.remote.http.W3CHttpResponseCodec.createException(W3CHttpResponseCodec.java:187)
	at org.openqa.selenium.remote.http.W3CHttpResponseCodec.decode(W3CHttpResponseCodec.java:122)
	at org.openqa.selenium.remote.http.W3CHttpResponseCodec.decode(W3CHttpResponseCodec.java:49)
	at org.openqa.selenium.remote.HttpCommandExecutor.execute(HttpCommandExecutor.java:158)
	at org.openqa.selenium.remote.service.DriverCommandExecutor.execute(DriverCommandExecutor.java:83)
	at org.openqa.selenium.remote.RemoteWebDriver.execute(RemoteWebDriver.java:552)
	at org.openqa.selenium.remote.RemoteWebDriver.execute(RemoteWebDriver.java:609)
	at org.openqa.selenium.remote.RemoteWebDriver$RemoteWebDriverOptions$RemoteWindow.maximize(RemoteWebDriver.java:837)
	at gmibank.utilities.Driver.getDriver(Driver.java:62)
	at gmibank.pages.US_08_Page.<init>(US_08_Page.java:11)
	at gmibank.stepdefinitions.US_08_StepDefinitions.<init>(US_08_StepDefinitions.java:11)
	... 38 more
]]></failure>
</testcase>
</testsuite>
